<?xml version="1.0" encoding="UTF-8"?>
<testsuite name="agh.ics.oop.Vector2dTest" tests="9" skipped="0" failures="0" errors="0" timestamp="2021-12-01T22:46:53" hostname="DESKTOP-SDBJ4U1" time="0.012">
  <properties/>
  <testcase name="upperRightTest()" classname="agh.ics.oop.Vector2dTest" time="0.001"/>
  <testcase name="addTest()" classname="agh.ics.oop.Vector2dTest" time="0.0"/>
  <testcase name="precedesTest()" classname="agh.ics.oop.Vector2dTest" time="0.0"/>
  <testcase name="oppositeTest()" classname="agh.ics.oop.Vector2dTest" time="0.001"/>
  <testcase name="lowerLeftTest()" classname="agh.ics.oop.Vector2dTest" time="0.0"/>
  <testcase name="equalsTest()" classname="agh.ics.oop.Vector2dTest" time="0.001"/>
  <testcase name="toStringTest()" classname="agh.ics.oop.Vector2dTest" time="0.005"/>
  <testcase name="subtractTest()" classname="agh.ics.oop.Vector2dTest" time="0.001"/>
  <testcase name="followsTest()" classname="agh.ics.oop.Vector2dTest" time="0.001"/>
  <system-out><![CDATA[]]></system-out>
  <system-err><![CDATA[]]></system-err>
</testsuite>
