<?xml version="1.0" encoding="UTF-8"?>
<testsuite name="agh.ics.oop.AnimalTest" tests="1" skipped="0" failures="0" errors="0" timestamp="2021-10-27T21:48:37" hostname="DESKTOP-SDBJ4U1" time="0.021">
  <properties/>
  <testcase name="animalTest()" classname="agh.ics.oop.AnimalTest" time="0.021"/>
  <system-out><![CDATA[]]></system-out>
  <system-err><![CDATA[]]></system-err>
</testsuite>
