<?xml version="1.0" encoding="UTF-8"?>
<testsuite name="agh.ics.oop.GrassFieldTest" tests="2" skipped="0" failures="0" errors="0" timestamp="2021-12-01T22:46:53" hostname="DESKTOP-SDBJ4U1" time="0.003">
  <properties/>
  <testcase name="movementTest()" classname="agh.ics.oop.GrassFieldTest" time="0.002"/>
  <testcase name="placeTest()" classname="agh.ics.oop.GrassFieldTest" time="0.001"/>
  <system-out><![CDATA[]]></system-out>
  <system-err><![CDATA[]]></system-err>
</testsuite>
