<?xml version="1.0" encoding="UTF-8"?>
<testsuite name="agh.ics.oop.RectangularTest" tests="2" skipped="0" failures="0" errors="0" timestamp="2021-11-24T18:05:40" hostname="DESKTOP-SDBJ4U1" time="0.001">
  <properties/>
  <testcase name="movementTest()" classname="agh.ics.oop.RectangularTest" time="0.0"/>
  <testcase name="placeTest()" classname="agh.ics.oop.RectangularTest" time="0.0"/>
  <system-out><![CDATA[]]></system-out>
  <system-err><![CDATA[]]></system-err>
</testsuite>
