<?xml version="1.0" encoding="UTF-8"?>
<testsuite name="agh.ics.oop.MapDirectionTest" tests="2" skipped="0" failures="0" errors="0" timestamp="2021-11-18T14:27:20" hostname="DESKTOP-SDBJ4U1" time="0.001">
  <properties/>
  <testcase name="previousTest()" classname="agh.ics.oop.MapDirectionTest" time="0.0"/>
  <testcase name="nextTest()" classname="agh.ics.oop.MapDirectionTest" time="0.0"/>
  <system-out><![CDATA[]]></system-out>
  <system-err><![CDATA[]]></system-err>
</testsuite>
